METHOD : GET
URL : /products/
TIMESTAMP : Mon Jan 18 2016 20:17:46 GMT-1000 (HST)
HEADERS : """
  host : localhost:3000
  connection : keep-alive
  cache-control : max-age=0
  accept : text/html,application/xhtml+xml,application/xml;q=0.9,image/webp,*/*;q=0.8
  upgrade-insecure-requests : 1
  user-agent : Mozilla/5.0 (Macintosh; Intel Mac OS X 10_11_2) AppleWebKit/537.36 (KHTML, like Gecko) Chrome/47.0.2526.111 Safari/537.36
  referer : http://localhost:3000/products/?
  accept-encoding : gzip, deflate, sdch
  accept-language : en-US,en;q=0.8
  if-none-match : W/"ad-OAREIT74thpMSWW5MtyCzQ"
  
"""
METHOD : GET
URL : /products/new
TIMESTAMP : Mon Jan 18 2016 20:17:49 GMT-1000 (HST)
HEADERS : """
  host : localhost:3000
  connection : keep-alive
  accept : text/html,application/xhtml+xml,application/xml;q=0.9,image/webp,*/*;q=0.8
  upgrade-insecure-requests : 1
  user-agent : Mozilla/5.0 (Macintosh; Intel Mac OS X 10_11_2) AppleWebKit/537.36 (KHTML, like Gecko) Chrome/47.0.2526.111 Safari/537.36
  referer : http://localhost:3000/products/
  accept-encoding : gzip, deflate, sdch
  accept-language : en-US,en;q=0.8
  if-none-match : W/"279-yMN3slCZzzpajMq5G1Q9ww"
  
"""
METHOD : POST
URL : /products/
TIMESTAMP : Mon Jan 18 2016 20:17:57 GMT-1000 (HST)
HEADERS : """
  host : localhost:3000
  connection : keep-alive
  content-length : 65
  cache-control : max-age=0
  accept : text/html,application/xhtml+xml,application/xml;q=0.9,image/webp,*/*;q=0.8
  origin : http://localhost:3000
  upgrade-insecure-requests : 1
  user-agent : Mozilla/5.0 (Macintosh; Intel Mac OS X 10_11_2) AppleWebKit/537.36 (KHTML, like Gecko) Chrome/47.0.2526.111 Safari/537.36
  content-type : application/x-www-form-urlencoded
  referer : http://localhost:3000/products/new
  accept-encoding : gzip, deflate
  accept-language : en-US,en;q=0.8
  
"""
METHOD : GET
URL : /products/
TIMESTAMP : Mon Jan 18 2016 20:17:57 GMT-1000 (HST)
HEADERS : """
  host : localhost:3000
  connection : keep-alive
  cache-control : max-age=0
  accept : text/html,application/xhtml+xml,application/xml;q=0.9,image/webp,*/*;q=0.8
  upgrade-insecure-requests : 1
  user-agent : Mozilla/5.0 (Macintosh; Intel Mac OS X 10_11_2) AppleWebKit/537.36 (KHTML, like Gecko) Chrome/47.0.2526.111 Safari/537.36
  referer : http://localhost:3000/products/new
  accept-encoding : gzip, deflate, sdch
  accept-language : en-US,en;q=0.8
  
"""
METHOD : GET
URL : /products/new
TIMESTAMP : Mon Jan 18 2016 20:17:59 GMT-1000 (HST)
HEADERS : """
  host : localhost:3000
  connection : keep-alive
  accept : text/html,application/xhtml+xml,application/xml;q=0.9,image/webp,*/*;q=0.8
  upgrade-insecure-requests : 1
  user-agent : Mozilla/5.0 (Macintosh; Intel Mac OS X 10_11_2) AppleWebKit/537.36 (KHTML, like Gecko) Chrome/47.0.2526.111 Safari/537.36
  referer : http://localhost:3000/products/
  accept-encoding : gzip, deflate, sdch
  accept-language : en-US,en;q=0.8
  if-none-match : W/"279-yMN3slCZzzpajMq5G1Q9ww"
  
"""
METHOD : POST
URL : /products/
TIMESTAMP : Mon Jan 18 2016 20:18:15 GMT-1000 (HST)
HEADERS : """
  host : localhost:3000
  connection : keep-alive
  content-length : 70
  cache-control : max-age=0
  accept : text/html,application/xhtml+xml,application/xml;q=0.9,image/webp,*/*;q=0.8
  origin : http://localhost:3000
  upgrade-insecure-requests : 1
  user-agent : Mozilla/5.0 (Macintosh; Intel Mac OS X 10_11_2) AppleWebKit/537.36 (KHTML, like Gecko) Chrome/47.0.2526.111 Safari/537.36
  content-type : application/x-www-form-urlencoded
  referer : http://localhost:3000/products/new
  accept-encoding : gzip, deflate
  accept-language : en-US,en;q=0.8
  
"""
METHOD : GET
URL : /products/
TIMESTAMP : Mon Jan 18 2016 20:18:15 GMT-1000 (HST)
HEADERS : """
  host : localhost:3000
  connection : keep-alive
  cache-control : max-age=0
  accept : text/html,application/xhtml+xml,application/xml;q=0.9,image/webp,*/*;q=0.8
  upgrade-insecure-requests : 1
  user-agent : Mozilla/5.0 (Macintosh; Intel Mac OS X 10_11_2) AppleWebKit/537.36 (KHTML, like Gecko) Chrome/47.0.2526.111 Safari/537.36
  referer : http://localhost:3000/products/new
  accept-encoding : gzip, deflate, sdch
  accept-language : en-US,en;q=0.8
  
"""
METHOD : POST
URL : /products/2
TIMESTAMP : Mon Jan 18 2016 20:18:20 GMT-1000 (HST)
HEADERS : """
  host : localhost:3000
  connection : keep-alive
  content-length : 14
  cache-control : max-age=0
  accept : text/html,application/xhtml+xml,application/xml;q=0.9,image/webp,*/*;q=0.8
  origin : http://localhost:3000
  upgrade-insecure-requests : 1
  user-agent : Mozilla/5.0 (Macintosh; Intel Mac OS X 10_11_2) AppleWebKit/537.36 (KHTML, like Gecko) Chrome/47.0.2526.111 Safari/537.36
  content-type : application/x-www-form-urlencoded
  referer : http://localhost:3000/products/
  accept-encoding : gzip, deflate
  accept-language : en-US,en;q=0.8
  
"""
METHOD : POST
URL : /products/2
TIMESTAMP : Mon Jan 18 2016 20:18:34 GMT-1000 (HST)
HEADERS : """
  host : localhost:3000
  connection : keep-alive
  content-length : 14
  cache-control : max-age=0
  accept : text/html,application/xhtml+xml,application/xml;q=0.9,image/webp,*/*;q=0.8
  origin : http://localhost:3000
  upgrade-insecure-requests : 1
  user-agent : Mozilla/5.0 (Macintosh; Intel Mac OS X 10_11_2) AppleWebKit/537.36 (KHTML, like Gecko) Chrome/47.0.2526.111 Safari/537.36
  content-type : application/x-www-form-urlencoded
  referer : http://localhost:3000/products/
  accept-encoding : gzip, deflate
  accept-language : en-US,en;q=0.8
  
"""
METHOD : POST
URL : /products/1
TIMESTAMP : Mon Jan 18 2016 20:18:37 GMT-1000 (HST)
HEADERS : """
  host : localhost:3000
  connection : keep-alive
  content-length : 14
  cache-control : max-age=0
  accept : text/html,application/xhtml+xml,application/xml;q=0.9,image/webp,*/*;q=0.8
  origin : http://localhost:3000
  upgrade-insecure-requests : 1
  user-agent : Mozilla/5.0 (Macintosh; Intel Mac OS X 10_11_2) AppleWebKit/537.36 (KHTML, like Gecko) Chrome/47.0.2526.111 Safari/537.36
  content-type : application/x-www-form-urlencoded
  referer : http://localhost:3000/products/
  accept-encoding : gzip, deflate
  accept-language : en-US,en;q=0.8
  
"""
METHOD : GET
URL : /products/
TIMESTAMP : Mon Jan 18 2016 20:18:37 GMT-1000 (HST)
HEADERS : """
  host : localhost:3000
  connection : keep-alive
  cache-control : max-age=0
  accept : text/html,application/xhtml+xml,application/xml;q=0.9,image/webp,*/*;q=0.8
  upgrade-insecure-requests : 1
  user-agent : Mozilla/5.0 (Macintosh; Intel Mac OS X 10_11_2) AppleWebKit/537.36 (KHTML, like Gecko) Chrome/47.0.2526.111 Safari/537.36
  referer : http://localhost:3000/products/
  accept-encoding : gzip, deflate, sdch
  accept-language : en-US,en;q=0.8
  if-none-match : W/"3b9-VDt7Xm+D7TOYvZQjX4Qehw"
  
"""
METHOD : GET
URL : /products/new
TIMESTAMP : Mon Jan 18 2016 20:18:39 GMT-1000 (HST)
HEADERS : """
  host : localhost:3000
  connection : keep-alive
  accept : text/html,application/xhtml+xml,application/xml;q=0.9,image/webp,*/*;q=0.8
  upgrade-insecure-requests : 1
  user-agent : Mozilla/5.0 (Macintosh; Intel Mac OS X 10_11_2) AppleWebKit/537.36 (KHTML, like Gecko) Chrome/47.0.2526.111 Safari/537.36
  referer : http://localhost:3000/products/
  accept-encoding : gzip, deflate, sdch
  accept-language : en-US,en;q=0.8
  if-none-match : W/"279-yMN3slCZzzpajMq5G1Q9ww"
  
"""
