METHOD : POST
URL : /products/
TIMESTAMP : Mon Jan 25 2016 19:19:58 GMT-1000 (HST)
HEADERS : """
  host : localhost:3000
  connection : keep-alive
  content-length : 39
  cache-control : no-cache
  origin : chrome-extension://fhbjgbiflinjbdggehcddcbncdddomop
  content-type : application/x-www-form-urlencoded
  user-agent : Mozilla/5.0 (Macintosh; Intel Mac OS X 10_11_3) AppleWebKit/537.36 (KHTML, like Gecko) Chrome/47.0.2526.111 Safari/537.36
  postman-token : f87a3e55-4ae2-0a42-88f6-2086c342fb4e
  accept : */*
  accept-encoding : gzip, deflate
  accept-language : en-US,en;q=0.8
  
"""
METHOD : POST
URL : /products/
TIMESTAMP : Mon Jan 25 2016 19:20:58 GMT-1000 (HST)
HEADERS : """
  host : localhost:3000
  connection : keep-alive
  content-length : 39
  cache-control : no-cache
  origin : chrome-extension://fhbjgbiflinjbdggehcddcbncdddomop
  content-type : application/x-www-form-urlencoded
  user-agent : Mozilla/5.0 (Macintosh; Intel Mac OS X 10_11_3) AppleWebKit/537.36 (KHTML, like Gecko) Chrome/47.0.2526.111 Safari/537.36
  postman-token : b6073e7b-acee-7374-836b-d9bd615d7fdd
  accept : */*
  accept-encoding : gzip, deflate
  accept-language : en-US,en;q=0.8
  
"""
METHOD : POST
URL : /products
TIMESTAMP : Mon Jan 25 2016 19:21:07 GMT-1000 (HST)
HEADERS : """
  host : localhost:3000
  connection : keep-alive
  content-length : 39
  cache-control : no-cache
  origin : chrome-extension://fhbjgbiflinjbdggehcddcbncdddomop
  content-type : application/x-www-form-urlencoded
  user-agent : Mozilla/5.0 (Macintosh; Intel Mac OS X 10_11_3) AppleWebKit/537.36 (KHTML, like Gecko) Chrome/47.0.2526.111 Safari/537.36
  postman-token : eff26b79-8601-f7ff-6e6f-11ec59cad5ba
  accept : */*
  accept-encoding : gzip, deflate
  accept-language : en-US,en;q=0.8
  
"""
METHOD : POST
URL : /products
TIMESTAMP : Mon Jan 25 2016 19:22:34 GMT-1000 (HST)
HEADERS : """
  host : localhost:3000
  connection : keep-alive
  content-length : 39
  cache-control : no-cache
  origin : chrome-extension://fhbjgbiflinjbdggehcddcbncdddomop
  content-type : application/x-www-form-urlencoded
  user-agent : Mozilla/5.0 (Macintosh; Intel Mac OS X 10_11_3) AppleWebKit/537.36 (KHTML, like Gecko) Chrome/47.0.2526.111 Safari/537.36
  postman-token : 1a2d960a-3b7f-73d9-2d9c-60e7d9ce052c
  accept : */*
  accept-encoding : gzip, deflate
  accept-language : en-US,en;q=0.8
  
"""
METHOD : POST
URL : /products/
TIMESTAMP : Mon Jan 25 2016 19:22:38 GMT-1000 (HST)
HEADERS : """
  host : localhost:3000
  connection : keep-alive
  content-length : 39
  cache-control : no-cache
  origin : chrome-extension://fhbjgbiflinjbdggehcddcbncdddomop
  content-type : application/x-www-form-urlencoded
  user-agent : Mozilla/5.0 (Macintosh; Intel Mac OS X 10_11_3) AppleWebKit/537.36 (KHTML, like Gecko) Chrome/47.0.2526.111 Safari/537.36
  postman-token : 7a5e5578-ab3a-866f-4ccd-3312f2ddd702
  accept : */*
  accept-encoding : gzip, deflate
  accept-language : en-US,en;q=0.8
  
"""
METHOD : POST
URL : /products/
TIMESTAMP : Mon Jan 25 2016 19:24:11 GMT-1000 (HST)
HEADERS : """
  host : localhost:3000
  connection : keep-alive
  content-length : 39
  cache-control : no-cache
  origin : chrome-extension://fhbjgbiflinjbdggehcddcbncdddomop
  content-type : application/x-www-form-urlencoded
  user-agent : Mozilla/5.0 (Macintosh; Intel Mac OS X 10_11_3) AppleWebKit/537.36 (KHTML, like Gecko) Chrome/47.0.2526.111 Safari/537.36
  postman-token : 86be09fe-e436-d5f3-9f32-4e58e59c6695
  accept : */*
  accept-encoding : gzip, deflate
  accept-language : en-US,en;q=0.8
  
"""
METHOD : GET
URL : /products/
TIMESTAMP : Mon Jan 25 2016 19:24:16 GMT-1000 (HST)
HEADERS : """
  host : localhost:3000
  connection : keep-alive
  cache-control : no-cache
  user-agent : Mozilla/5.0 (Macintosh; Intel Mac OS X 10_11_3) AppleWebKit/537.36 (KHTML, like Gecko) Chrome/47.0.2526.111 Safari/537.36
  postman-token : f2ca9952-9007-f730-7e3f-bd1392e5f06a
  accept : */*
  accept-encoding : gzip, deflate, sdch
  accept-language : en-US,en;q=0.8
  
"""
METHOD : GET
URL : /products/
TIMESTAMP : Mon Jan 25 2016 19:25:14 GMT-1000 (HST)
HEADERS : """
  host : localhost:3000
  connection : keep-alive
  cache-control : no-cache
  user-agent : Mozilla/5.0 (Macintosh; Intel Mac OS X 10_11_3) AppleWebKit/537.36 (KHTML, like Gecko) Chrome/47.0.2526.111 Safari/537.36
  postman-token : 1fd0a15f-5992-9521-32d2-6b4376c50428
  accept : */*
  accept-encoding : gzip, deflate, sdch
  accept-language : en-US,en;q=0.8
  
"""
METHOD : GET
URL : /products/
TIMESTAMP : Mon Jan 25 2016 19:25:40 GMT-1000 (HST)
HEADERS : """
  host : localhost:3000
  connection : keep-alive
  cache-control : no-cache
  user-agent : Mozilla/5.0 (Macintosh; Intel Mac OS X 10_11_3) AppleWebKit/537.36 (KHTML, like Gecko) Chrome/47.0.2526.111 Safari/537.36
  postman-token : fbc7a64f-5536-8ef5-82b7-5bf6ebaad858
  accept : */*
  accept-encoding : gzip, deflate, sdch
  accept-language : en-US,en;q=0.8
  
"""
METHOD : GET
URL : /products
TIMESTAMP : Mon Jan 25 2016 19:25:45 GMT-1000 (HST)
HEADERS : """
  host : localhost:3000
  connection : keep-alive
  cache-control : no-cache
  user-agent : Mozilla/5.0 (Macintosh; Intel Mac OS X 10_11_3) AppleWebKit/537.36 (KHTML, like Gecko) Chrome/47.0.2526.111 Safari/537.36
  postman-token : 3fd88922-4a2c-0ca2-ce04-a131e1bb4cb2
  accept : */*
  accept-encoding : gzip, deflate, sdch
  accept-language : en-US,en;q=0.8
  
"""
METHOD : GET
URL : /products
TIMESTAMP : Mon Jan 25 2016 19:27:02 GMT-1000 (HST)
HEADERS : """
  host : localhost:3000
  connection : keep-alive
  cache-control : no-cache
  user-agent : Mozilla/5.0 (Macintosh; Intel Mac OS X 10_11_3) AppleWebKit/537.36 (KHTML, like Gecko) Chrome/47.0.2526.111 Safari/537.36
  postman-token : 94397c1a-97f3-de8e-9ed1-a1088d21d67b
  accept : */*
  accept-encoding : gzip, deflate, sdch
  accept-language : en-US,en;q=0.8
  
"""
METHOD : GET
URL : /products/
TIMESTAMP : Mon Jan 25 2016 19:27:05 GMT-1000 (HST)
HEADERS : """
  host : localhost:3000
  connection : keep-alive
  cache-control : no-cache
  user-agent : Mozilla/5.0 (Macintosh; Intel Mac OS X 10_11_3) AppleWebKit/537.36 (KHTML, like Gecko) Chrome/47.0.2526.111 Safari/537.36
  postman-token : 6e4d9d96-d8cc-1b02-6281-a0dc61a1256f
  accept : */*
  accept-encoding : gzip, deflate, sdch
  accept-language : en-US,en;q=0.8
  
"""
METHOD : GET
URL : /products/
TIMESTAMP : Mon Jan 25 2016 19:28:40 GMT-1000 (HST)
HEADERS : """
  host : localhost:3000
  connection : keep-alive
  cache-control : no-cache
  user-agent : Mozilla/5.0 (Macintosh; Intel Mac OS X 10_11_3) AppleWebKit/537.36 (KHTML, like Gecko) Chrome/47.0.2526.111 Safari/537.36
  postman-token : 42443a72-5b37-4bb6-654c-637cc32659b2
  accept : */*
  accept-encoding : gzip, deflate, sdch
  accept-language : en-US,en;q=0.8
  
"""
METHOD : GET
URL : /products/
TIMESTAMP : Mon Jan 25 2016 19:29:07 GMT-1000 (HST)
HEADERS : """
  host : localhost:3000
  connection : keep-alive
  cache-control : no-cache
  user-agent : Mozilla/5.0 (Macintosh; Intel Mac OS X 10_11_3) AppleWebKit/537.36 (KHTML, like Gecko) Chrome/47.0.2526.111 Safari/537.36
  postman-token : feec3b2b-749c-d34f-8606-74b60f13cc46
  accept : */*
  accept-encoding : gzip, deflate, sdch
  accept-language : en-US,en;q=0.8
  
"""
METHOD : GET
URL : /products/
TIMESTAMP : Mon Jan 25 2016 19:29:54 GMT-1000 (HST)
HEADERS : """
  host : localhost:3000
  connection : keep-alive
  cache-control : no-cache
  user-agent : Mozilla/5.0 (Macintosh; Intel Mac OS X 10_11_3) AppleWebKit/537.36 (KHTML, like Gecko) Chrome/47.0.2526.111 Safari/537.36
  postman-token : 7f9a28b1-0529-78d0-cacb-c676c27e3cbd
  accept : */*
  accept-encoding : gzip, deflate, sdch
  accept-language : en-US,en;q=0.8
  
"""
METHOD : GET
URL : /products/
TIMESTAMP : Mon Jan 25 2016 19:31:55 GMT-1000 (HST)
HEADERS : """
  host : localhost:3000
  connection : keep-alive
  cache-control : no-cache
  user-agent : Mozilla/5.0 (Macintosh; Intel Mac OS X 10_11_3) AppleWebKit/537.36 (KHTML, like Gecko) Chrome/47.0.2526.111 Safari/537.36
  postman-token : 7297accf-fa78-9f1a-be14-505d2a41040a
  accept : */*
  accept-encoding : gzip, deflate, sdch
  accept-language : en-US,en;q=0.8
  
"""
METHOD : GET
URL : /products/
TIMESTAMP : Mon Jan 25 2016 19:33:25 GMT-1000 (HST)
HEADERS : """
  host : localhost:3000
  connection : keep-alive
  cache-control : no-cache
  user-agent : Mozilla/5.0 (Macintosh; Intel Mac OS X 10_11_3) AppleWebKit/537.36 (KHTML, like Gecko) Chrome/47.0.2526.111 Safari/537.36
  postman-token : 7eb3958d-f371-a9b2-d975-9cf5ab1985ec
  accept : */*
  accept-encoding : gzip, deflate, sdch
  accept-language : en-US,en;q=0.8
  
"""
METHOD : GET
URL : /products/
TIMESTAMP : Mon Jan 25 2016 19:33:50 GMT-1000 (HST)
HEADERS : """
  host : localhost:3000
  connection : keep-alive
  cache-control : no-cache
  user-agent : Mozilla/5.0 (Macintosh; Intel Mac OS X 10_11_3) AppleWebKit/537.36 (KHTML, like Gecko) Chrome/47.0.2526.111 Safari/537.36
  postman-token : bf53e941-3490-360c-8f9e-f8c216decbd4
  accept : */*
  accept-encoding : gzip, deflate, sdch
  accept-language : en-US,en;q=0.8
  
"""
METHOD : GET
URL : /products/
TIMESTAMP : Mon Jan 25 2016 19:34:49 GMT-1000 (HST)
HEADERS : """
  host : localhost:3000
  connection : keep-alive
  cache-control : no-cache
  user-agent : Mozilla/5.0 (Macintosh; Intel Mac OS X 10_11_3) AppleWebKit/537.36 (KHTML, like Gecko) Chrome/47.0.2526.111 Safari/537.36
  postman-token : 1c9e8287-07e1-0c97-b50d-5d0c74f7e5bb
  accept : */*
  accept-encoding : gzip, deflate, sdch
  accept-language : en-US,en;q=0.8
  
"""
METHOD : GET
URL : /products/
TIMESTAMP : Mon Jan 25 2016 19:36:45 GMT-1000 (HST)
HEADERS : """
  host : localhost:3000
  connection : keep-alive
  cache-control : no-cache
  user-agent : Mozilla/5.0 (Macintosh; Intel Mac OS X 10_11_3) AppleWebKit/537.36 (KHTML, like Gecko) Chrome/47.0.2526.111 Safari/537.36
  postman-token : c8872da7-7eed-6465-e451-5c6c7d38377d
  accept : */*
  accept-encoding : gzip, deflate, sdch
  accept-language : en-US,en;q=0.8
  
"""
METHOD : GET
URL : /products/
TIMESTAMP : Mon Jan 25 2016 19:37:30 GMT-1000 (HST)
HEADERS : """
  host : localhost:3000
  connection : keep-alive
  cache-control : no-cache
  user-agent : Mozilla/5.0 (Macintosh; Intel Mac OS X 10_11_3) AppleWebKit/537.36 (KHTML, like Gecko) Chrome/47.0.2526.111 Safari/537.36
  postman-token : f8d0de04-c22b-6d8e-1c6f-afd619c66774
  accept : */*
  accept-encoding : gzip, deflate, sdch
  accept-language : en-US,en;q=0.8
  
"""
METHOD : GET
URL : /products/
TIMESTAMP : Mon Jan 25 2016 19:37:53 GMT-1000 (HST)
HEADERS : """
  host : localhost:3000
  connection : keep-alive
  cache-control : no-cache
  user-agent : Mozilla/5.0 (Macintosh; Intel Mac OS X 10_11_3) AppleWebKit/537.36 (KHTML, like Gecko) Chrome/47.0.2526.111 Safari/537.36
  postman-token : a9ea395d-42b5-378e-c55e-91acd6346a6b
  accept : */*
  accept-encoding : gzip, deflate, sdch
  accept-language : en-US,en;q=0.8
  
"""
METHOD : GET
URL : /products/
TIMESTAMP : Mon Jan 25 2016 19:37:58 GMT-1000 (HST)
HEADERS : """
  host : localhost:3000
  connection : keep-alive
  cache-control : no-cache
  user-agent : Mozilla/5.0 (Macintosh; Intel Mac OS X 10_11_3) AppleWebKit/537.36 (KHTML, like Gecko) Chrome/47.0.2526.111 Safari/537.36
  postman-token : 45905429-72c1-2c15-ce98-6170b6f6fc82
  accept : */*
  accept-encoding : gzip, deflate, sdch
  accept-language : en-US,en;q=0.8
  
"""
METHOD : GET
URL : /products
TIMESTAMP : Mon Jan 25 2016 19:38:19 GMT-1000 (HST)
HEADERS : """
  host : localhost:3000
  connection : keep-alive
  accept : text/html,application/xhtml+xml,application/xml;q=0.9,image/webp,*/*;q=0.8
  upgrade-insecure-requests : 1
  user-agent : Mozilla/5.0 (Macintosh; Intel Mac OS X 10_11_3) AppleWebKit/537.36 (KHTML, like Gecko) Chrome/47.0.2526.111 Safari/537.36
  accept-encoding : gzip, deflate, sdch
  accept-language : en-US,en;q=0.8
  
"""
METHOD : GET
URL : /products/1
TIMESTAMP : Mon Jan 25 2016 19:38:22 GMT-1000 (HST)
HEADERS : """
  host : localhost:3000
  connection : keep-alive
  accept : text/html,application/xhtml+xml,application/xml;q=0.9,image/webp,*/*;q=0.8
  upgrade-insecure-requests : 1
  user-agent : Mozilla/5.0 (Macintosh; Intel Mac OS X 10_11_3) AppleWebKit/537.36 (KHTML, like Gecko) Chrome/47.0.2526.111 Safari/537.36
  referer : http://localhost:3000/products
  accept-encoding : gzip, deflate, sdch
  accept-language : en-US,en;q=0.8
  
"""
METHOD : GET
URL : /products
TIMESTAMP : Mon Jan 25 2016 19:38:29 GMT-1000 (HST)
HEADERS : """
  host : localhost:3000
  connection : keep-alive
  cache-control : max-age=0
  accept : text/html,application/xhtml+xml,application/xml;q=0.9,image/webp,*/*;q=0.8
  upgrade-insecure-requests : 1
  user-agent : Mozilla/5.0 (Macintosh; Intel Mac OS X 10_11_3) AppleWebKit/537.36 (KHTML, like Gecko) Chrome/47.0.2526.111 Safari/537.36
  accept-encoding : gzip, deflate, sdch
  accept-language : en-US,en;q=0.8
  if-none-match : W/"b26-1BKNyqAPK896O149Zwe76A"
  
"""
METHOD : GET
URL : /products/
TIMESTAMP : Mon Jan 25 2016 19:40:05 GMT-1000 (HST)
HEADERS : """
  host : localhost:3000
  connection : keep-alive
  cache-control : no-cache
  user-agent : Mozilla/5.0 (Macintosh; Intel Mac OS X 10_11_3) AppleWebKit/537.36 (KHTML, like Gecko) Chrome/47.0.2526.111 Safari/537.36
  postman-token : 104914d0-d5db-cbd3-817f-96a5fc864f05
  accept : */*
  accept-encoding : gzip, deflate, sdch
  accept-language : en-US,en;q=0.8
  
"""
METHOD : GET
URL : /products/
TIMESTAMP : Mon Jan 25 2016 19:40:10 GMT-1000 (HST)
HEADERS : """
  host : localhost:3000
  connection : keep-alive
  cache-control : no-cache
  user-agent : Mozilla/5.0 (Macintosh; Intel Mac OS X 10_11_3) AppleWebKit/537.36 (KHTML, like Gecko) Chrome/47.0.2526.111 Safari/537.36
  postman-token : 28167e3c-b0cf-b5ac-488c-a62308ffc547
  accept : */*
  accept-encoding : gzip, deflate, sdch
  accept-language : en-US,en;q=0.8
  
"""
METHOD : GET
URL : /products
TIMESTAMP : Mon Jan 25 2016 19:40:32 GMT-1000 (HST)
HEADERS : """
  host : localhost:3000
  connection : keep-alive
  cache-control : max-age=0
  accept : text/html,application/xhtml+xml,application/xml;q=0.9,image/webp,*/*;q=0.8
  upgrade-insecure-requests : 1
  user-agent : Mozilla/5.0 (Macintosh; Intel Mac OS X 10_11_3) AppleWebKit/537.36 (KHTML, like Gecko) Chrome/47.0.2526.111 Safari/537.36
  accept-encoding : gzip, deflate, sdch
  accept-language : en-US,en;q=0.8
  if-none-match : W/"b26-1BKNyqAPK896O149Zwe76A"
  
"""
METHOD : GET
URL : /products
TIMESTAMP : Mon Jan 25 2016 19:40:33 GMT-1000 (HST)
HEADERS : """
  host : localhost:3000
  connection : keep-alive
  cache-control : max-age=0
  accept : text/html,application/xhtml+xml,application/xml;q=0.9,image/webp,*/*;q=0.8
  upgrade-insecure-requests : 1
  user-agent : Mozilla/5.0 (Macintosh; Intel Mac OS X 10_11_3) AppleWebKit/537.36 (KHTML, like Gecko) Chrome/47.0.2526.111 Safari/537.36
  accept-encoding : gzip, deflate, sdch
  accept-language : en-US,en;q=0.8
  if-none-match : W/"b26-1BKNyqAPK896O149Zwe76A"
  
"""
METHOD : GET
URL : /products
TIMESTAMP : Mon Jan 25 2016 19:41:06 GMT-1000 (HST)
HEADERS : """
  host : localhost:3000
  connection : keep-alive
  cache-control : max-age=0
  accept : text/html,application/xhtml+xml,application/xml;q=0.9,image/webp,*/*;q=0.8
  upgrade-insecure-requests : 1
  user-agent : Mozilla/5.0 (Macintosh; Intel Mac OS X 10_11_3) AppleWebKit/537.36 (KHTML, like Gecko) Chrome/47.0.2526.111 Safari/537.36
  accept-encoding : gzip, deflate, sdch
  accept-language : en-US,en;q=0.8
  if-none-match : W/"b26-1BKNyqAPK896O149Zwe76A"
  
"""
METHOD : GET
URL : /products/
TIMESTAMP : Mon Jan 25 2016 19:41:45 GMT-1000 (HST)
HEADERS : """
  host : localhost:3000
  connection : keep-alive
  accept : text/html,application/xhtml+xml,application/xml;q=0.9,image/webp,*/*;q=0.8
  upgrade-insecure-requests : 1
  user-agent : Mozilla/5.0 (Macintosh; Intel Mac OS X 10_11_3) AppleWebKit/537.36 (KHTML, like Gecko) Chrome/47.0.2526.111 Safari/537.36
  accept-encoding : gzip, deflate, sdch
  accept-language : en-US,en;q=0.8
  
"""
METHOD : GET
URL : /products/
TIMESTAMP : Mon Jan 25 2016 19:41:51 GMT-1000 (HST)
HEADERS : """
  host : localhost:3000
  connection : keep-alive
  cache-control : no-cache
  user-agent : Mozilla/5.0 (Macintosh; Intel Mac OS X 10_11_3) AppleWebKit/537.36 (KHTML, like Gecko) Chrome/47.0.2526.111 Safari/537.36
  postman-token : 7178aa3a-2023-8fdf-d4a9-be329ffd2109
  accept : */*
  accept-encoding : gzip, deflate, sdch
  accept-language : en-US,en;q=0.8
  
"""
METHOD : GET
URL : /products/
TIMESTAMP : Mon Jan 25 2016 19:42:00 GMT-1000 (HST)
HEADERS : """
  host : localhost:3000
  connection : keep-alive
  cache-control : no-cache
  user-agent : Mozilla/5.0 (Macintosh; Intel Mac OS X 10_11_3) AppleWebKit/537.36 (KHTML, like Gecko) Chrome/47.0.2526.111 Safari/537.36
  postman-token : 351757ee-eadf-fe02-f179-1ddf1241a626
  accept : */*
  accept-encoding : gzip, deflate, sdch
  accept-language : en-US,en;q=0.8
  
"""
METHOD : GET
URL : /products/
TIMESTAMP : Mon Jan 25 2016 19:42:27 GMT-1000 (HST)
HEADERS : """
  host : localhost:3000
  connection : keep-alive
  cache-control : no-cache
  user-agent : Mozilla/5.0 (Macintosh; Intel Mac OS X 10_11_3) AppleWebKit/537.36 (KHTML, like Gecko) Chrome/47.0.2526.111 Safari/537.36
  postman-token : 58df493b-b1cd-883b-dc44-62b25115b02d
  accept : */*
  accept-encoding : gzip, deflate, sdch
  accept-language : en-US,en;q=0.8
  
"""
METHOD : GET
URL : /products/
TIMESTAMP : Mon Jan 25 2016 19:42:30 GMT-1000 (HST)
HEADERS : """
  host : localhost:3000
  connection : keep-alive
  cache-control : no-cache
  user-agent : Mozilla/5.0 (Macintosh; Intel Mac OS X 10_11_3) AppleWebKit/537.36 (KHTML, like Gecko) Chrome/47.0.2526.111 Safari/537.36
  postman-token : 43fd9b0a-6d00-00a7-0fbf-fe40c3d4630a
  accept : */*
  accept-encoding : gzip, deflate, sdch
  accept-language : en-US,en;q=0.8
  
"""
METHOD : GET
URL : /products/
TIMESTAMP : Mon Jan 25 2016 19:46:04 GMT-1000 (HST)
HEADERS : """
  host : localhost:3000
  connection : keep-alive
  cache-control : no-cache
  user-agent : Mozilla/5.0 (Macintosh; Intel Mac OS X 10_11_3) AppleWebKit/537.36 (KHTML, like Gecko) Chrome/47.0.2526.111 Safari/537.36
  postman-token : 6a5d576d-7c19-40cb-7b5e-c83733924bd1
  accept : */*
  accept-encoding : gzip, deflate, sdch
  accept-language : en-US,en;q=0.8
  
"""
METHOD : GET
URL : /products/
TIMESTAMP : Mon Jan 25 2016 19:46:33 GMT-1000 (HST)
HEADERS : """
  host : localhost:3000
  connection : keep-alive
  cache-control : no-cache
  user-agent : Mozilla/5.0 (Macintosh; Intel Mac OS X 10_11_3) AppleWebKit/537.36 (KHTML, like Gecko) Chrome/47.0.2526.111 Safari/537.36
  postman-token : 1340d4c2-7ca7-744a-5617-67e0f9efdb45
  accept : */*
  accept-encoding : gzip, deflate, sdch
  accept-language : en-US,en;q=0.8
  
"""
METHOD : GET
URL : /products/
TIMESTAMP : Mon Jan 25 2016 19:46:45 GMT-1000 (HST)
HEADERS : """
  host : localhost:3000
  connection : keep-alive
  cache-control : no-cache
  user-agent : Mozilla/5.0 (Macintosh; Intel Mac OS X 10_11_3) AppleWebKit/537.36 (KHTML, like Gecko) Chrome/47.0.2526.111 Safari/537.36
  postman-token : 75f5ca7b-c34d-30ca-6887-e16e0e05a22b
  accept : */*
  accept-encoding : gzip, deflate, sdch
  accept-language : en-US,en;q=0.8
  
"""
METHOD : GET
URL : /products/
TIMESTAMP : Mon Jan 25 2016 19:47:21 GMT-1000 (HST)
HEADERS : """
  host : localhost:3000
  connection : keep-alive
  cache-control : no-cache
  user-agent : Mozilla/5.0 (Macintosh; Intel Mac OS X 10_11_3) AppleWebKit/537.36 (KHTML, like Gecko) Chrome/47.0.2526.111 Safari/537.36
  postman-token : c1d2d568-5802-9792-24f2-35aff55ca44c
  accept : */*
  accept-encoding : gzip, deflate, sdch
  accept-language : en-US,en;q=0.8
  
"""
METHOD : GET
URL : /products/
TIMESTAMP : Mon Jan 25 2016 19:47:36 GMT-1000 (HST)
HEADERS : """
  host : localhost:3000
  connection : keep-alive
  cache-control : max-age=0
  accept : text/html,application/xhtml+xml,application/xml;q=0.9,image/webp,*/*;q=0.8
  upgrade-insecure-requests : 1
  user-agent : Mozilla/5.0 (Macintosh; Intel Mac OS X 10_11_3) AppleWebKit/537.36 (KHTML, like Gecko) Chrome/47.0.2526.111 Safari/537.36
  accept-encoding : gzip, deflate, sdch
  accept-language : en-US,en;q=0.8
  if-none-match : W/"b26-1BKNyqAPK896O149Zwe76A"
  
"""
METHOD : GET
URL : /products/
TIMESTAMP : Mon Jan 25 2016 19:49:20 GMT-1000 (HST)
HEADERS : """
  host : localhost:3000
  connection : keep-alive
  cache-control : no-cache
  user-agent : Mozilla/5.0 (Macintosh; Intel Mac OS X 10_11_3) AppleWebKit/537.36 (KHTML, like Gecko) Chrome/47.0.2526.111 Safari/537.36
  postman-token : a8e3e5c6-0d8a-cc83-b603-3f8d0ea9941a
  accept : */*
  accept-encoding : gzip, deflate, sdch
  accept-language : en-US,en;q=0.8
  
"""
METHOD : GET
URL : /products/
TIMESTAMP : Mon Jan 25 2016 19:49:47 GMT-1000 (HST)
HEADERS : """
  host : localhost:3000
  connection : keep-alive
  cache-control : no-cache
  user-agent : Mozilla/5.0 (Macintosh; Intel Mac OS X 10_11_3) AppleWebKit/537.36 (KHTML, like Gecko) Chrome/47.0.2526.111 Safari/537.36
  postman-token : dead0fa1-fa71-86da-d292-8bd58d74a650
  accept : */*
  accept-encoding : gzip, deflate, sdch
  accept-language : en-US,en;q=0.8
  
"""
METHOD : GET
URL : /products/
TIMESTAMP : Mon Jan 25 2016 19:49:52 GMT-1000 (HST)
HEADERS : """
  host : localhost:3000
  connection : keep-alive
  cache-control : no-cache
  user-agent : Mozilla/5.0 (Macintosh; Intel Mac OS X 10_11_3) AppleWebKit/537.36 (KHTML, like Gecko) Chrome/47.0.2526.111 Safari/537.36
  postman-token : f14a23a3-246c-3836-f539-03f4ae4f8108
  accept : */*
  accept-encoding : gzip, deflate, sdch
  accept-language : en-US,en;q=0.8
  
"""
METHOD : GET
URL : /products/
TIMESTAMP : Mon Jan 25 2016 19:53:49 GMT-1000 (HST)
HEADERS : """
  host : localhost:3000
  connection : keep-alive
  cache-control : no-cache
  user-agent : Mozilla/5.0 (Macintosh; Intel Mac OS X 10_11_3) AppleWebKit/537.36 (KHTML, like Gecko) Chrome/47.0.2526.111 Safari/537.36
  postman-token : c22a084e-1aef-eefb-5942-a81bb628636f
  accept : */*
  accept-encoding : gzip, deflate, sdch
  accept-language : en-US,en;q=0.8
  
"""
METHOD : GET
URL : /products/
TIMESTAMP : Mon Jan 25 2016 19:56:29 GMT-1000 (HST)
HEADERS : """
  host : localhost:3000
  connection : keep-alive
  cache-control : no-cache
  user-agent : Mozilla/5.0 (Macintosh; Intel Mac OS X 10_11_3) AppleWebKit/537.36 (KHTML, like Gecko) Chrome/47.0.2526.111 Safari/537.36
  postman-token : 36798661-52aa-2604-8476-3929ea0fbc2b
  accept : */*
  accept-encoding : gzip, deflate, sdch
  accept-language : en-US,en;q=0.8
  
"""
METHOD : GET
URL : /products/
TIMESTAMP : Mon Jan 25 2016 19:56:47 GMT-1000 (HST)
HEADERS : """
  host : localhost:3000
  connection : keep-alive
  cache-control : no-cache
  user-agent : Mozilla/5.0 (Macintosh; Intel Mac OS X 10_11_3) AppleWebKit/537.36 (KHTML, like Gecko) Chrome/47.0.2526.111 Safari/537.36
  postman-token : 38ec3d5e-220d-4078-8cee-b4007ec5882b
  accept : */*
  accept-encoding : gzip, deflate, sdch
  accept-language : en-US,en;q=0.8
  
"""
METHOD : GET
URL : /products/
TIMESTAMP : Mon Jan 25 2016 19:58:40 GMT-1000 (HST)
HEADERS : """
  host : localhost:3000
  connection : keep-alive
  cache-control : no-cache
  user-agent : Mozilla/5.0 (Macintosh; Intel Mac OS X 10_11_3) AppleWebKit/537.36 (KHTML, like Gecko) Chrome/47.0.2526.111 Safari/537.36
  postman-token : 3f304790-3142-4a0c-26b5-3425908c7280
  accept : */*
  accept-encoding : gzip, deflate, sdch
  accept-language : en-US,en;q=0.8
  
"""
METHOD : GET
URL : /products/
TIMESTAMP : Mon Jan 25 2016 19:58:56 GMT-1000 (HST)
HEADERS : """
  host : localhost:3000
  connection : keep-alive
  cache-control : no-cache
  user-agent : Mozilla/5.0 (Macintosh; Intel Mac OS X 10_11_3) AppleWebKit/537.36 (KHTML, like Gecko) Chrome/47.0.2526.111 Safari/537.36
  postman-token : c9b41f07-7680-f389-3b77-5a2216f8c75c
  accept : */*
  accept-encoding : gzip, deflate, sdch
  accept-language : en-US,en;q=0.8
  
"""
METHOD : GET
URL : /products/
TIMESTAMP : Mon Jan 25 2016 19:59:32 GMT-1000 (HST)
HEADERS : """
  host : localhost:3000
  connection : keep-alive
  cache-control : no-cache
  user-agent : Mozilla/5.0 (Macintosh; Intel Mac OS X 10_11_3) AppleWebKit/537.36 (KHTML, like Gecko) Chrome/47.0.2526.111 Safari/537.36
  postman-token : 3e2072d6-ed0b-fc51-d204-9b222e632b38
  accept : */*
  accept-encoding : gzip, deflate, sdch
  accept-language : en-US,en;q=0.8
  
"""
METHOD : GET
URL : /products/
TIMESTAMP : Mon Jan 25 2016 20:00:04 GMT-1000 (HST)
HEADERS : """
  host : localhost:3000
  connection : keep-alive
  cache-control : no-cache
  user-agent : Mozilla/5.0 (Macintosh; Intel Mac OS X 10_11_3) AppleWebKit/537.36 (KHTML, like Gecko) Chrome/47.0.2526.111 Safari/537.36
  postman-token : 6ffbf8f8-e95e-3ee2-1150-61ad4b19359d
  accept : */*
  accept-encoding : gzip, deflate, sdch
  accept-language : en-US,en;q=0.8
  
"""
METHOD : GET
URL : /products/
TIMESTAMP : Mon Jan 25 2016 20:02:11 GMT-1000 (HST)
HEADERS : """
  host : localhost:3000
  connection : keep-alive
  accept : text/html,application/xhtml+xml,application/xml;q=0.9,image/webp,*/*;q=0.8
  upgrade-insecure-requests : 1
  user-agent : Mozilla/5.0 (Macintosh; Intel Mac OS X 10_11_3) AppleWebKit/537.36 (KHTML, like Gecko) Chrome/47.0.2526.111 Safari/537.36
  accept-encoding : gzip, deflate, sdch
  accept-language : en-US,en;q=0.8
  if-none-match : W/"b26-1BKNyqAPK896O149Zwe76A"
  
"""
