METHOD : GET
URL : /products/
TIMESTAMP : Tue Jan 19 2016 09:05:21 GMT-1000 (HST)
HEADERS : """
  host : localhost:3000
  connection : keep-alive
  accept : text/html,application/xhtml+xml,application/xml;q=0.9,image/webp,*/*;q=0.8
  upgrade-insecure-requests : 1
  user-agent : Mozilla/5.0 (Macintosh; Intel Mac OS X 10_11_2) AppleWebKit/537.36 (KHTML, like Gecko) Chrome/47.0.2526.111 Safari/537.36
  accept-encoding : gzip, deflate, sdch
  accept-language : en-US,en;q=0.8
  if-none-match : W/"ad-OAREIT74thpMSWW5MtyCzQ"
  
"""
METHOD : GET
URL : /products/new
TIMESTAMP : Tue Jan 19 2016 09:05:23 GMT-1000 (HST)
HEADERS : """
  host : localhost:3000
  connection : keep-alive
  accept : text/html,application/xhtml+xml,application/xml;q=0.9,image/webp,*/*;q=0.8
  upgrade-insecure-requests : 1
  user-agent : Mozilla/5.0 (Macintosh; Intel Mac OS X 10_11_2) AppleWebKit/537.36 (KHTML, like Gecko) Chrome/47.0.2526.111 Safari/537.36
  referer : http://localhost:3000/products/
  accept-encoding : gzip, deflate, sdch
  accept-language : en-US,en;q=0.8
  if-none-match : W/"279-yMN3slCZzzpajMq5G1Q9ww"
  
"""
METHOD : POST
URL : /products/
TIMESTAMP : Tue Jan 19 2016 09:05:34 GMT-1000 (HST)
HEADERS : """
  host : localhost:3000
  connection : keep-alive
  content-length : 54
  cache-control : max-age=0
  accept : text/html,application/xhtml+xml,application/xml;q=0.9,image/webp,*/*;q=0.8
  origin : http://localhost:3000
  upgrade-insecure-requests : 1
  user-agent : Mozilla/5.0 (Macintosh; Intel Mac OS X 10_11_2) AppleWebKit/537.36 (KHTML, like Gecko) Chrome/47.0.2526.111 Safari/537.36
  content-type : application/x-www-form-urlencoded
  referer : http://localhost:3000/products/new
  accept-encoding : gzip, deflate
  accept-language : en-US,en;q=0.8
  
"""
METHOD : GET
URL : /products/
TIMESTAMP : Tue Jan 19 2016 09:05:34 GMT-1000 (HST)
HEADERS : """
  host : localhost:3000
  connection : keep-alive
  cache-control : max-age=0
  accept : text/html,application/xhtml+xml,application/xml;q=0.9,image/webp,*/*;q=0.8
  upgrade-insecure-requests : 1
  user-agent : Mozilla/5.0 (Macintosh; Intel Mac OS X 10_11_2) AppleWebKit/537.36 (KHTML, like Gecko) Chrome/47.0.2526.111 Safari/537.36
  referer : http://localhost:3000/products/new
  accept-encoding : gzip, deflate, sdch
  accept-language : en-US,en;q=0.8
  
"""
METHOD : GET
URL : /articles/
TIMESTAMP : Tue Jan 19 2016 11:52:48 GMT-1000 (HST)
HEADERS : """
  host : localhost:3000
  connection : keep-alive
  cache-control : max-age=0
  accept : text/html,application/xhtml+xml,application/xml;q=0.9,image/webp,*/*;q=0.8
  upgrade-insecure-requests : 1
  user-agent : Mozilla/5.0 (Macintosh; Intel Mac OS X 10_11_2) AppleWebKit/537.36 (KHTML, like Gecko) Chrome/47.0.2526.111 Safari/537.36
  accept-encoding : gzip, deflate, sdch
  accept-language : en-US,en;q=0.8
  
"""
METHOD : GET
URL : /articles/new
TIMESTAMP : Tue Jan 19 2016 11:52:56 GMT-1000 (HST)
HEADERS : """
  host : localhost:3000
  connection : keep-alive
  accept : text/html,application/xhtml+xml,application/xml;q=0.9,image/webp,*/*;q=0.8
  upgrade-insecure-requests : 1
  user-agent : Mozilla/5.0 (Macintosh; Intel Mac OS X 10_11_2) AppleWebKit/537.36 (KHTML, like Gecko) Chrome/47.0.2526.111 Safari/537.36
  referer : http://localhost:3000/articles/
  accept-encoding : gzip, deflate, sdch
  accept-language : en-US,en;q=0.8
  if-none-match : W/"212-LsiTbXMMSDwRzQrfp2Zarw"
  
"""
METHOD : POST
URL : /articles/
TIMESTAMP : Tue Jan 19 2016 11:52:59 GMT-1000 (HST)
HEADERS : """
  host : localhost:3000
  connection : keep-alive
  content-length : 23
  cache-control : max-age=0
  accept : text/html,application/xhtml+xml,application/xml;q=0.9,image/webp,*/*;q=0.8
  origin : http://localhost:3000
  upgrade-insecure-requests : 1
  user-agent : Mozilla/5.0 (Macintosh; Intel Mac OS X 10_11_2) AppleWebKit/537.36 (KHTML, like Gecko) Chrome/47.0.2526.111 Safari/537.36
  content-type : application/x-www-form-urlencoded
  referer : http://localhost:3000/articles/new
  accept-encoding : gzip, deflate
  accept-language : en-US,en;q=0.8
  
"""
METHOD : GET
URL : /articles/
TIMESTAMP : Tue Jan 19 2016 11:52:59 GMT-1000 (HST)
HEADERS : """
  host : localhost:3000
  connection : keep-alive
  cache-control : max-age=0
  accept : text/html,application/xhtml+xml,application/xml;q=0.9,image/webp,*/*;q=0.8
  upgrade-insecure-requests : 1
  user-agent : Mozilla/5.0 (Macintosh; Intel Mac OS X 10_11_2) AppleWebKit/537.36 (KHTML, like Gecko) Chrome/47.0.2526.111 Safari/537.36
  referer : http://localhost:3000/articles/new
  accept-encoding : gzip, deflate, sdch
  accept-language : en-US,en;q=0.8
  
"""
